<?xml version="1.0" encoding="UTF-8"?>
<!-- Generated by org.testng.reporters.JUnitXMLReporter -->
<testsuite ignored="0" hostname="mehdi" failures="0" tests="3" name="Command line test" time="14.422" errors="0" timestamp="2022-01-26T03:36:53 WEST">
  <testcase classname="ProjetLibre.TestLogin" name="loginTest" time="14.376"/>
  <testcase classname="ProjetLibre.AppTest" name="testlogin1" time="0.002"/>
  <testcase classname="ProjetLibre.AppTest" name="testlogin2" time="0.001"/>
</testsuite> <!-- Command line test -->
