<?xml version="1.0" encoding="UTF-8"?>
<testng-results ignored="0" total="3" passed="3" failed="0" skipped="0">
  <reporter-output>
  </reporter-output>
  <suite started-at="2022-01-26T03:36:38 WEST" name="Command line suite" finished-at="2022-01-26T03:36:53 WEST" duration-ms="14422">
    <groups>
    </groups>
    <test started-at="2022-01-26T03:36:38 WEST" name="Command line test" finished-at="2022-01-26T03:36:53 WEST" duration-ms="14422">
      <class name="ProjetLibre.AppTest">
        <test-method signature="testlogin1()[pri:0, instance:ProjetLibre.AppTest@42607a4f]" started-at="2022-01-26T03:36:53 WEST" name="testlogin1" finished-at="2022-01-26T03:36:53 WEST" duration-ms="2" status="PASS">
          <reporter-output>
          </reporter-output>
        </test-method> <!-- testlogin1 -->
        <test-method signature="testlogin2()[pri:0, instance:ProjetLibre.AppTest@42607a4f]" started-at="2022-01-26T03:36:53 WEST" name="testlogin2" finished-at="2022-01-26T03:36:53 WEST" duration-ms="1" status="PASS">
          <reporter-output>
          </reporter-output>
        </test-method> <!-- testlogin2 -->
      </class> <!-- ProjetLibre.AppTest -->
      <class name="ProjetLibre.TestLogin">
        <test-method signature="loginTest()[pri:0, instance:ProjetLibre.TestLogin@78ac1102]" started-at="2022-01-26T03:36:38 WEST" name="loginTest" finished-at="2022-01-26T03:36:53 WEST" duration-ms="14376" status="PASS">
          <reporter-output>
          </reporter-output>
        </test-method> <!-- loginTest -->
      </class> <!-- ProjetLibre.TestLogin -->
    </test> <!-- Command line test -->
  </suite> <!-- Command line suite -->
</testng-results>
